<?xml version="1.0" encoding="UTF-8"?>
<tns:patch closeOnSuccess="true" retryOnFail="true"
	xmlns:tns="http://docs.ampdev.net/schemas/xmlpatcher" xmlns:xsi="http://www.w3.org/2001/XMLSchema-instance"
	xsi:schemaLocation="http://docs.ampdev.net/schemas/xmlpatcher ../doc/xmlpatcher.xsd ">
	<jira>jira-3333</jira>
	<keyword>keyword</keyword>
	<author>author</author>
	<description>description</description>
	<trigger type="all">
		<condition type="appliedPatch">junit-testpatch-dbname.xml</condition>
	</trigger>
	<apply>
		<script>
			<lang type="sql">UPDATE amp_activity SET budget=budget</lang>
		</script>
	</apply>
</tns:patch>